Using pre-set license
Built from '2020.3/staging' branch; Version is '2020.3.11f1 (99c7afb366b3) revision 10078127'; Using compiler version '192528614'; Build Type 'Release'
OS: 'Windows 10 Pro; OS build 19044.1415; Version 2009; 64bit' Language: 'en' Physical Memory: 16326 MB
BatchMode: 1, IsHumanControllingUs: 0, StartBugReporterOnCrash: 0, Is64bit: 1, IsPro: 0

 COMMAND LINE ARGUMENTS:
C:\Program Files\Unity\Hub\Editor\2019.3.5f1\Editor\Unity.exe
-adb2
-batchMode
-noUpm
-name
AssetImportWorker0
-projectPath
E:/MidtownRacing
-logFile
Logs/AssetImportWorker0.log
-srvPort
1029
Successfully changed project path to: E:/MidtownRacing
E:/MidtownRacing
Using Asset Import Pipeline V2.
Refreshing native plugins compatible for Editor in 113.82 ms, found 2 plugins.
Preloading 0 native plugins for Editor in 0.00 ms.
Initialize engine version: 2020.3.11f1 (99c7afb366b3)
[Subsystems] Discovering subsystems at path C:/Program Files/Unity/Hub/Editor/2019.3.5f1/Editor/Data/Resources/UnitySubsystems
[Subsystems] Discovering subsystems at path E:/MidtownRacing/Assets
GfxDevice: creating device client; threaded=0
Direct3D:
    Version:  Direct3D 11.0 [level 11.1]
    Renderer: NVIDIA GeForce GTX 970 (ID=0x13c2)
    Vendor:   
    VRAM:     4043 MB
    Driver:   30.0.14.9676
Initialize mono
Mono path[0] = 'C:/Program Files/Unity/Hub/Editor/2019.3.5f1/Editor/Data/Managed'
Mono path[1] = 'C:/Program Files/Unity/Hub/Editor/2019.3.5f1/Editor/Data/MonoBleedingEdge/lib/mono/unityjit'
Mono config path = 'C:/Program Files/Unity/Hub/Editor/2019.3.5f1/Editor/Data/MonoBleedingEdge/etc'
Using monoOptions --debugger-agent=transport=dt_socket,embedding=1,server=y,suspend=n,address=127.0.0.1:56428
Begin MonoManager ReloadAssembly
Registering precompiled unity dll's ...
Register platform support module: C:/Program Files/Unity/Hub/Editor/2019.3.5f1/Editor/Data/PlaybackEngines/WindowsStandaloneSupport/UnityEditor.WindowsStandalone.Extensions.dll
Registered in 0.003824 seconds.
Native extension for WindowsStandalone target not found
Refreshing native plugins compatible for Editor in 57.43 ms, found 2 plugins.
Preloading 0 native plugins for Editor in 0.00 ms.
Mono: successfully reloaded assembly
- Completed reload, in  1.493 seconds
Platform modules already initialized, skipping
Registering precompiled user dll's ...
Registered in 0.007055 seconds.
Begin MonoManager ReloadAssembly
Native extension for WindowsStandalone target not found
Refreshing native plugins compatible for Editor in 0.67 ms, found 2 plugins.
Preloading 0 native plugins for Editor in 0.00 ms.
Mono: successfully reloaded assembly
- Completed reload, in  1.167 seconds
Platform modules already initialized, skipping
========================================================================
Worker process is ready to serve import requests
Launched and connected shader compiler UnityShaderCompiler.exe after 0.05 seconds
Refreshing native plugins compatible for Editor in 1.23 ms, found 2 plugins.
Preloading 0 native plugins for Editor in 0.00 ms.
Unloading 2083 Unused Serialized files (Serialized files now loaded: 0)
System memory in use before: 109.6 MB.
System memory in use after: 109.3 MB.

Unloading 45 unused Assets to reduce memory usage. Loaded Objects now: 2522.
Total: 2.906400 ms (FindLiveObjects: 0.402300 ms CreateObjectMapping: 0.199200 ms MarkObjects: 1.838400 ms  DeleteObjects: 0.465700 ms)

========================================================================
Received Import Request.
  path: Assets/Textures/Roadcut.mat
  artifactKey: Guid(a4ec7943127cefa4292f29a0902eb6b7) Importer(815301076,1909f56bfc062723c751e8b465ee728b)
Start importing Assets/Textures/Roadcut.mat using Guid(a4ec7943127cefa4292f29a0902eb6b7) Importer(815301076,1909f56bfc062723c751e8b465ee728b)  -> (artifact id: 'ab2a946db5d0e8501ac2a305ba95b437') in 0.195615 seconds
  Import took 0.199342 seconds .

========================================================================
Received Import Request.
  Time since last request: 510.194886 seconds.
  path: Assets/laxer tree pkg/Models/Materials/ast 3 cr dark.mat
  artifactKey: Guid(adf985a34b2482e408a5b8e71137ad50) Importer(815301076,1909f56bfc062723c751e8b465ee728b)
Start importing Assets/laxer tree pkg/Models/Materials/ast 3 cr dark.mat using Guid(adf985a34b2482e408a5b8e71137ad50) Importer(815301076,1909f56bfc062723c751e8b465ee728b)  -> (artifact id: '1dcdf46cf3dab3ed7a3ba0b2387c6ba3') in 0.020295 seconds
  Import took 0.024506 seconds .

========================================================================
Received Import Request.
  Time since last request: 0.000298 seconds.
  path: Assets/laxer tree pkg/Models/Materials/bark wh.mat
  artifactKey: Guid(ec234b86cf157d94e9dd6a5ee9b31eee) Importer(815301076,1909f56bfc062723c751e8b465ee728b)
Start importing Assets/laxer tree pkg/Models/Materials/bark wh.mat using Guid(ec234b86cf157d94e9dd6a5ee9b31eee) Importer(815301076,1909f56bfc062723c751e8b465ee728b)  -> (artifact id: '8948befbe16b681647951cc44a7cb9ad') in 0.008997 seconds
  Import took 0.012538 seconds .

========================================================================
Received Import Request.
  Time since last request: 0.000267 seconds.
  path: Assets/Volkswagen New Beetle 1/BEETLE_DIALS.mat
  artifactKey: Guid(52972910360a48648ada6b067625ab96) Importer(815301076,1909f56bfc062723c751e8b465ee728b)
Start importing Assets/Volkswagen New Beetle 1/BEETLE_DIALS.mat using Guid(52972910360a48648ada6b067625ab96) Importer(815301076,1909f56bfc062723c751e8b465ee728b)  -> (artifact id: 'b7668467a2f7952a90d4c0667ef8fde8') in 0.009623 seconds
  Import took 0.013813 seconds .

========================================================================
Received Import Request.
  Time since last request: 0.000377 seconds.
  path: Assets/laxer tree pkg/Models/Materials/ast4 lw 1.mat
  artifactKey: Guid(81dc5907a40a50040823d8934dd4d2b8) Importer(815301076,1909f56bfc062723c751e8b465ee728b)
Start importing Assets/laxer tree pkg/Models/Materials/ast4 lw 1.mat using Guid(81dc5907a40a50040823d8934dd4d2b8) Importer(815301076,1909f56bfc062723c751e8b465ee728b)  -> (artifact id: 'fd14023958dcd193d11db5c8862ba67a') in 0.013441 seconds
  Import took 0.016482 seconds .

========================================================================
Received Import Request.
  Time since last request: 0.000241 seconds.
  path: Assets/laxer tree pkg/Models/Materials/ast5.mat
  artifactKey: Guid(f46c6bff831cfd14bb53bc3819f0f0db) Importer(815301076,1909f56bfc062723c751e8b465ee728b)
Start importing Assets/laxer tree pkg/Models/Materials/ast5.mat using Guid(f46c6bff831cfd14bb53bc3819f0f0db) Importer(815301076,1909f56bfc062723c751e8b465ee728b)  -> (artifact id: 'bb716f2b646ecaeadc1d8d5c7cae4771') in 0.014302 seconds
  Import took 0.017954 seconds .

========================================================================
Received Import Request.
  Time since last request: 0.000242 seconds.
  path: Assets/laxer tree pkg/Models/Materials/ast3 lw.mat
  artifactKey: Guid(a05189f4f1fcfd64dad1a2d9c28d6aa5) Importer(815301076,1909f56bfc062723c751e8b465ee728b)
Start importing Assets/laxer tree pkg/Models/Materials/ast3 lw.mat using Guid(a05189f4f1fcfd64dad1a2d9c28d6aa5) Importer(815301076,1909f56bfc062723c751e8b465ee728b)  -> (artifact id: 'a067366a245b20a5dc34ba78976f55da') in 0.012657 seconds
  Import took 0.015349 seconds .

========================================================================
Received Import Request.
  Time since last request: 0.000236 seconds.
  path: Assets/Volkswagen New Beetle 1/BEETLE_GLASS.mat
  artifactKey: Guid(ab53b230dd61bee40bc47315520c8faf) Importer(815301076,1909f56bfc062723c751e8b465ee728b)
Start importing Assets/Volkswagen New Beetle 1/BEETLE_GLASS.mat using Guid(ab53b230dd61bee40bc47315520c8faf) Importer(815301076,1909f56bfc062723c751e8b465ee728b)  -> (artifact id: '46e7c7624472527b0bb209b20281ccda') in 0.008641 seconds
  Import took 0.012131 seconds .

========================================================================
Received Import Request.
  Time since last request: 0.000195 seconds.
  path: Assets/laxer tree pkg/Models/Materials/ast4 lw.mat
  artifactKey: Guid(76a056ccc1b93e849bc3661d612a95ea) Importer(815301076,1909f56bfc062723c751e8b465ee728b)
Start importing Assets/laxer tree pkg/Models/Materials/ast4 lw.mat using Guid(76a056ccc1b93e849bc3661d612a95ea) Importer(815301076,1909f56bfc062723c751e8b465ee728b)  -> (artifact id: 'a68ad7060b7d361decc35f6751eff81e') in 0.012055 seconds
  Import took 0.014636 seconds .

========================================================================
Received Import Request.
  Time since last request: 0.000199 seconds.
  path: Assets/laxer tree pkg/Models/Materials/bark pine wh lw.mat
  artifactKey: Guid(bd89ecb7585e33f41b8990012887c72c) Importer(815301076,1909f56bfc062723c751e8b465ee728b)
Start importing Assets/laxer tree pkg/Models/Materials/bark pine wh lw.mat using Guid(bd89ecb7585e33f41b8990012887c72c) Importer(815301076,1909f56bfc062723c751e8b465ee728b)  -> (artifact id: 'cd9db578751331da2ed7aa715fe06832') in 0.009218 seconds
  Import took 0.012080 seconds .

========================================================================
Received Import Request.
  Time since last request: 0.000224 seconds.
  path: Assets/laxer tree pkg/Models/Materials/ast5 lw 1.mat
  artifactKey: Guid(281d9a47040de98429f24c446985694d) Importer(815301076,1909f56bfc062723c751e8b465ee728b)
Start importing Assets/laxer tree pkg/Models/Materials/ast5 lw 1.mat using Guid(281d9a47040de98429f24c446985694d) Importer(815301076,1909f56bfc062723c751e8b465ee728b)  -> (artifact id: '45ae939c7091b7fad0dbb6892a10feca') in 0.011581 seconds
  Import took 0.015312 seconds .

========================================================================
Received Import Request.
  Time since last request: 0.000214 seconds.
  path: Assets/laxer tree pkg/Models/Materials/ast3 lw 1.mat
  artifactKey: Guid(6ece0bdbdb22d0f4e9c4110d90e77be6) Importer(815301076,1909f56bfc062723c751e8b465ee728b)
Start importing Assets/laxer tree pkg/Models/Materials/ast3 lw 1.mat using Guid(6ece0bdbdb22d0f4e9c4110d90e77be6) Importer(815301076,1909f56bfc062723c751e8b465ee728b)  -> (artifact id: '7630534e0d384cca735c31b8fb1bf3e7') in 0.012002 seconds
  Import took 0.015259 seconds .

========================================================================
Received Import Request.
  Time since last request: 0.000229 seconds.
  path: Assets/laxer tree pkg/Models/Materials/ast4.mat
  artifactKey: Guid(3c6caab7cf56b024097f005008285518) Importer(815301076,1909f56bfc062723c751e8b465ee728b)
Start importing Assets/laxer tree pkg/Models/Materials/ast4.mat using Guid(3c6caab7cf56b024097f005008285518) Importer(815301076,1909f56bfc062723c751e8b465ee728b)  -> (artifact id: '728ecc075bc43df85871d68f3d263bf7') in 0.012379 seconds
  Import took 0.015955 seconds .

========================================================================
Received Import Request.
  Time since last request: 0.000284 seconds.
  path: Assets/laxer tree pkg/Models/Materials/bark pine wh.mat
  artifactKey: Guid(63489f5a7b5c30d4c990f5949b6fb6f1) Importer(815301076,1909f56bfc062723c751e8b465ee728b)
Start importing Assets/laxer tree pkg/Models/Materials/bark pine wh.mat using Guid(63489f5a7b5c30d4c990f5949b6fb6f1) Importer(815301076,1909f56bfc062723c751e8b465ee728b)  -> (artifact id: 'fa9602e743c18b13e5c75e8c89e60813') in 0.009911 seconds
  Import took 0.012819 seconds .

========================================================================
Received Import Request.
  Time since last request: 0.000241 seconds.
  path: Assets/Azerilo/Car Model No.1201 Asset/Mesh/Materials/atlas.mat
  artifactKey: Guid(cd72e7e23411c104d9c529ec92b2b719) Importer(815301076,1909f56bfc062723c751e8b465ee728b)
Start importing Assets/Azerilo/Car Model No.1201 Asset/Mesh/Materials/atlas.mat using Guid(cd72e7e23411c104d9c529ec92b2b719) Importer(815301076,1909f56bfc062723c751e8b465ee728b)  -> (artifact id: 'e72599e5b25604523e0350e7f07ec655') in 0.008644 seconds
  Import took 0.011414 seconds .

========================================================================
Received Import Request.
  Time since last request: 0.000282 seconds.
  path: Assets/laxer tree pkg/Models/Materials/ast3.mat
  artifactKey: Guid(c575968aacb53144381d64ddfaa6c2f6) Importer(815301076,1909f56bfc062723c751e8b465ee728b)
Start importing Assets/laxer tree pkg/Models/Materials/ast3.mat using Guid(c575968aacb53144381d64ddfaa6c2f6) Importer(815301076,1909f56bfc062723c751e8b465ee728b)  -> (artifact id: 'a8edeee626b72e4f28192285cec4930b') in 0.012217 seconds
  Import took 0.014996 seconds .

========================================================================
Received Import Request.
  Time since last request: 0.000287 seconds.
  path: Assets/laxer tree pkg/Models/Materials/ast5 lw.mat
  artifactKey: Guid(3509f5c76776147409e86d25a1d3af9d) Importer(815301076,1909f56bfc062723c751e8b465ee728b)
Start importing Assets/laxer tree pkg/Models/Materials/ast5 lw.mat using Guid(3509f5c76776147409e86d25a1d3af9d) Importer(815301076,1909f56bfc062723c751e8b465ee728b)  -> (artifact id: '9f7d9415393973eaa78b696e90224c19') in 0.012744 seconds
  Import took 0.015887 seconds .

========================================================================
Received Import Request.
  Time since last request: 0.000270 seconds.
  path: Assets/laxer tree pkg/Models/Materials/bark wh lw.mat
  artifactKey: Guid(62c004aeef1076648a99aaa35156912b) Importer(815301076,1909f56bfc062723c751e8b465ee728b)
Start importing Assets/laxer tree pkg/Models/Materials/bark wh lw.mat using Guid(62c004aeef1076648a99aaa35156912b) Importer(815301076,1909f56bfc062723c751e8b465ee728b)  -> (artifact id: 'feaffd784006c8629ad08a0b9469049f') in 0.009200 seconds
  Import took 0.011780 seconds .

========================================================================
Received Import Request.
  Time since last request: 1.944795 seconds.
  path: Assets/Azerilo/HQ Racing Car Model No.1203/Materials/black.mat
  artifactKey: Guid(14d9d9e7ae0536c42848e23d87fc3c3d) Importer(815301076,1909f56bfc062723c751e8b465ee728b)
Start importing Assets/Azerilo/HQ Racing Car Model No.1203/Materials/black.mat using Guid(14d9d9e7ae0536c42848e23d87fc3c3d) Importer(815301076,1909f56bfc062723c751e8b465ee728b)  -> (artifact id: '50497f1a42fc383242bfc3054b3acdc7') in 0.026776 seconds
  Import took 0.037256 seconds .

========================================================================
Received Import Request.
  Time since last request: 0.000474 seconds.
  path: Assets/1999_Ford_Mustang_GT/black.mat
  artifactKey: Guid(64472fdb65edfd9489b8d150c4b419bb) Importer(815301076,1909f56bfc062723c751e8b465ee728b)
Start importing Assets/1999_Ford_Mustang_GT/black.mat using Guid(64472fdb65edfd9489b8d150c4b419bb) Importer(815301076,1909f56bfc062723c751e8b465ee728b)  -> (artifact id: '9dc7ccd53e81b516a6ec764dc46473cb') in 0.041313 seconds
  Import took 0.045216 seconds .

========================================================================
Received Import Request.
  Time since last request: 0.000341 seconds.
  path: Assets/Azerilo/HQ Racing Car Model No.1203/Materials/black.mat
  artifactKey: Guid(14d9d9e7ae0536c42848e23d87fc3c3d) Importer(815301076,1909f56bfc062723c751e8b465ee728b)
Start importing Assets/Azerilo/HQ Racing Car Model No.1203/Materials/black.mat using Guid(14d9d9e7ae0536c42848e23d87fc3c3d) Importer(815301076,1909f56bfc062723c751e8b465ee728b)  -> (artifact id: '50497f1a42fc383242bfc3054b3acdc7') in 0.007098 seconds
  Import took 0.010060 seconds .

========================================================================
Received Import Request.
  Time since last request: 0.000257 seconds.
  path: Assets/1999_Ford_Mustang_GT/black.mat
  artifactKey: Guid(64472fdb65edfd9489b8d150c4b419bb) Importer(815301076,1909f56bfc062723c751e8b465ee728b)
Start importing Assets/1999_Ford_Mustang_GT/black.mat using Guid(64472fdb65edfd9489b8d150c4b419bb) Importer(815301076,1909f56bfc062723c751e8b465ee728b)  -> (artifact id: '9dc7ccd53e81b516a6ec764dc46473cb') in 0.019600 seconds
  Import took 0.022389 seconds .

========================================================================
Received Import Request.
  Time since last request: 0.335881 seconds.
  path: Assets/Azerilo/Car Model No.1201 Asset/Material/BlacksMat.mat
  artifactKey: Guid(15ff4ba6789dd814a802a627b0fe38ca) Importer(815301076,1909f56bfc062723c751e8b465ee728b)
Start importing Assets/Azerilo/Car Model No.1201 Asset/Material/BlacksMat.mat using Guid(15ff4ba6789dd814a802a627b0fe38ca) Importer(815301076,1909f56bfc062723c751e8b465ee728b)  -> (artifact id: '0b8cb0a29902d06530f7548dc5ded372') in 0.019715 seconds
  Import took 0.025062 seconds .

========================================================================
Received Import Request.
  Time since last request: 0.000537 seconds.
  path: Assets/Azerilo/Car Model No.1201 Asset/Mesh/Materials/blinn17.mat
  artifactKey: Guid(b82da7b737aae9042836619304e92905) Importer(815301076,1909f56bfc062723c751e8b465ee728b)
Start importing Assets/Azerilo/Car Model No.1201 Asset/Mesh/Materials/blinn17.mat using Guid(b82da7b737aae9042836619304e92905) Importer(815301076,1909f56bfc062723c751e8b465ee728b)  -> (artifact id: '2e7452b1672664e96a9ba8be5d38a90c') in 0.011864 seconds
  Import took 0.017081 seconds .

========================================================================
Received Import Request.
  Time since last request: 0.000288 seconds.
  path: Assets/Vehicle - pro 3d models/Civilian_vehicle_05/Materials/BodyAlbedo.mat
  artifactKey: Guid(51481413680602e4c8a4d4062648e784) Importer(815301076,1909f56bfc062723c751e8b465ee728b)
Start importing Assets/Vehicle - pro 3d models/Civilian_vehicle_05/Materials/BodyAlbedo.mat using Guid(51481413680602e4c8a4d4062648e784) Importer(815301076,1909f56bfc062723c751e8b465ee728b)  -> (artifact id: '0a8a56f1700e66a1575c8aeb1fa854b5') in 1.729163 seconds
  Import took 1.735793 seconds .

========================================================================
Received Import Request.
  Time since last request: 0.000323 seconds.
  path: Assets/88-american-sedan-low-poly-model (1)/source/Bodycolor 1.mat
  artifactKey: Guid(d60242c24fbff524888feba4885c836b) Importer(815301076,1909f56bfc062723c751e8b465ee728b)
Start importing Assets/88-american-sedan-low-poly-model (1)/source/Bodycolor 1.mat using Guid(d60242c24fbff524888feba4885c836b) Importer(815301076,1909f56bfc062723c751e8b465ee728b)  -> (artifact id: '27c28023b70275756376662c543e11ae') in 0.013632 seconds
  Import took 0.017966 seconds .

========================================================================
Received Import Request.
  Time since last request: 0.000333 seconds.
  path: Assets/Urban American Assets/Props/Vehicles/Source/Materials/CarSuv.mat
  artifactKey: Guid(6ae35ba76ede09f48a61fdaf9d4f7ec4) Importer(815301076,1909f56bfc062723c751e8b465ee728b)
Start importing Assets/Urban American Assets/Props/Vehicles/Source/Materials/CarSuv.mat using Guid(6ae35ba76ede09f48a61fdaf9d4f7ec4) Importer(815301076,1909f56bfc062723c751e8b465ee728b)  -> (artifact id: '486f779642d11a69168552ec6c8a8f1d') in 0.018531 seconds
  Import took 0.022987 seconds .

========================================================================
Received Import Request.
  Time since last request: 0.000249 seconds.
  path: Assets/Azerilo/HQ Racing Car Model No.1203/Materials/brake.mat
  artifactKey: Guid(24b53db0810cb2e4e9fa41151d8e51f9) Importer(815301076,1909f56bfc062723c751e8b465ee728b)
Start importing Assets/Azerilo/HQ Racing Car Model No.1203/Materials/brake.mat using Guid(24b53db0810cb2e4e9fa41151d8e51f9) Importer(815301076,1909f56bfc062723c751e8b465ee728b)  -> (artifact id: '6bf450e684664f0144620d48b5aa4912') in 0.008913 seconds
  Import took 0.012668 seconds .

========================================================================
Received Import Request.
  Time since last request: 0.000239 seconds.
  path: Assets/Azerilo/Car Model No.1201 Asset/Material/BodyMat 4.mat
  artifactKey: Guid(a4e6922f48c28e645b166a6e87c82b19) Importer(815301076,1909f56bfc062723c751e8b465ee728b)
Start importing Assets/Azerilo/Car Model No.1201 Asset/Material/BodyMat 4.mat using Guid(a4e6922f48c28e645b166a6e87c82b19) Importer(815301076,1909f56bfc062723c751e8b465ee728b)  -> (artifact id: 'fd63452858278d850c41ce9f41b27d76') in 0.008529 seconds
  Import took 0.012826 seconds .

========================================================================
Received Import Request.
  Time since last request: 0.000252 seconds.
  path: Assets/88-american-sedan-low-poly-model (1)/source/Riverside88.fbx
  artifactKey: Guid(9bba5356df633684ebabd8bbfadf098e) Importer(815301076,1909f56bfc062723c751e8b465ee728b)
Start importing Assets/88-american-sedan-low-poly-model (1)/source/Riverside88.fbx using Guid(9bba5356df633684ebabd8bbfadf098e) Importer(815301076,1909f56bfc062723c751e8b465ee728b)  -> (artifact id: 'da5c6ecd38ccaeb02ec3cddbf5896fc3') in 0.587435 seconds
  Import took 0.591516 seconds .

========================================================================
Received Import Request.
  Time since last request: 0.000370 seconds.
  path: Assets/60s-classic-american-suv-low-poly-model/source/Bodycolor.mat
  artifactKey: Guid(aa7a5bed27de5a24d9890b5d709208dd) Importer(815301076,1909f56bfc062723c751e8b465ee728b)
Start importing Assets/60s-classic-american-suv-low-poly-model/source/Bodycolor.mat using Guid(aa7a5bed27de5a24d9890b5d709208dd) Importer(815301076,1909f56bfc062723c751e8b465ee728b)  -> (artifact id: '0d9362962205ed5bc0b79c8530b15ee9') in 0.008850 seconds
  Import took 0.011852 seconds .

========================================================================
Received Import Request.
  Time since last request: 0.000233 seconds.
  path: Assets/Azerilo/Car Model No.1201 Asset/Material/ChromeMat.mat
  artifactKey: Guid(15d32a72a02c48a4d98fedc5920b1e0d) Importer(815301076,1909f56bfc062723c751e8b465ee728b)
Start importing Assets/Azerilo/Car Model No.1201 Asset/Material/ChromeMat.mat using Guid(15d32a72a02c48a4d98fedc5920b1e0d) Importer(815301076,1909f56bfc062723c751e8b465ee728b)  -> (artifact id: '1b2ca70af5eda09d1c33a10c7962d732') in 0.008385 seconds
  Import took 0.011168 seconds .

========================================================================
Received Import Request.
  Time since last request: 0.000269 seconds.
  path: Assets/Azerilo/HQ Racing Car Model No.1203/Materials/ChromeMat 1.mat
  artifactKey: Guid(c866cdaea2e142244a2b8fff4bb6093f) Importer(815301076,1909f56bfc062723c751e8b465ee728b)
Start importing Assets/Azerilo/HQ Racing Car Model No.1203/Materials/ChromeMat 1.mat using Guid(c866cdaea2e142244a2b8fff4bb6093f) Importer(815301076,1909f56bfc062723c751e8b465ee728b)  -> (artifact id: 'a0feb88edff328d144e5c4fdf99a40ed') in 0.009444 seconds
  Import took 0.013642 seconds .

========================================================================
Received Import Request.
  Time since last request: 0.000262 seconds.
  path: Assets/Urban American Assets/Props/Vehicles/Source/Materials/Car2.mat
  artifactKey: Guid(9cde05260a93ce948b3a6e982e73e766) Importer(815301076,1909f56bfc062723c751e8b465ee728b)
Start importing Assets/Urban American Assets/Props/Vehicles/Source/Materials/Car2.mat using Guid(9cde05260a93ce948b3a6e982e73e766) Importer(815301076,1909f56bfc062723c751e8b465ee728b)  -> (artifact id: '2d8d9935d4591f27da3338a6101389b9') in 0.011932 seconds
  Import took 0.015154 seconds .

========================================================================
Received Import Request.
  Time since last request: 0.000250 seconds.
  path: Assets/Azerilo/HQ Racing Car Model No.1203/Materials/BodyMat blue.mat
  artifactKey: Guid(d796cd947be0fc341aeee42ba0f62719) Importer(815301076,1909f56bfc062723c751e8b465ee728b)
Start importing Assets/Azerilo/HQ Racing Car Model No.1203/Materials/BodyMat blue.mat using Guid(d796cd947be0fc341aeee42ba0f62719) Importer(815301076,1909f56bfc062723c751e8b465ee728b)  -> (artifact id: 'cedd85f4533ef85bffc92bf8572efed6') in 0.010186 seconds
  Import took 0.012888 seconds .

========================================================================
Received Import Request.
  Time since last request: 0.000238 seconds.
  path: Assets/Azerilo/Car Model No.1201 Asset/Mesh/Materials/blinn18.mat
  artifactKey: Guid(23a2aece7733d8e49beae89f5acee558) Importer(815301076,1909f56bfc062723c751e8b465ee728b)
Start importing Assets/Azerilo/Car Model No.1201 Asset/Mesh/Materials/blinn18.mat using Guid(23a2aece7733d8e49beae89f5acee558) Importer(815301076,1909f56bfc062723c751e8b465ee728b)  -> (artifact id: '0d1b5bd87243a9fbbabc3134f42267f8') in 0.010333 seconds
  Import took 0.014070 seconds .

========================================================================
Received Import Request.
  Time since last request: 0.000281 seconds.
  path: Assets/Azerilo/Car Model No.1201 Asset/Material/BodyMat 5.mat
  artifactKey: Guid(4afaa452ef080cb498346d3bd5c7c110) Importer(815301076,1909f56bfc062723c751e8b465ee728b)
Start importing Assets/Azerilo/Car Model No.1201 Asset/Material/BodyMat 5.mat using Guid(4afaa452ef080cb498346d3bd5c7c110) Importer(815301076,1909f56bfc062723c751e8b465ee728b)  -> (artifact id: '0f0efd3d0f5b93a791e8937964d1db9c') in 0.008789 seconds
  Import took 0.011919 seconds .

========================================================================
Received Import Request.
  Time since last request: 0.000327 seconds.
  path: Assets/Azerilo/HQ Racing Car Model No.1203/Materials/brake disk.mat
  artifactKey: Guid(bb63a0f10fdb92741a579305815b466b) Importer(815301076,1909f56bfc062723c751e8b465ee728b)
Start importing Assets/Azerilo/HQ Racing Car Model No.1203/Materials/brake disk.mat using Guid(bb63a0f10fdb92741a579305815b466b) Importer(815301076,1909f56bfc062723c751e8b465ee728b)  -> (artifact id: '6afb6d54fd2ece167bae06d6f0556479') in 0.011730 seconds
  Import took 0.015183 seconds .

========================================================================
Received Import Request.
  Time since last request: 0.000231 seconds.
  path: Assets/Azerilo/Car Model No.1201 Asset/Mesh/Materials/blinn16.mat
  artifactKey: Guid(49c69dfd5fde5544aa3c5e4f46b14925) Importer(815301076,1909f56bfc062723c751e8b465ee728b)
Start importing Assets/Azerilo/Car Model No.1201 Asset/Mesh/Materials/blinn16.mat using Guid(49c69dfd5fde5544aa3c5e4f46b14925) Importer(815301076,1909f56bfc062723c751e8b465ee728b)  -> (artifact id: '27c0994f1e127f2ae218ffefc26e821a') in 0.007721 seconds
  Import took 0.010416 seconds .

========================================================================
Received Import Request.
  Time since last request: 0.000266 seconds.
  path: Assets/Vehicle - pro 3d models/Civilian_vehicle_05/Materials/Civil01A.mat
  artifactKey: Guid(e97f2521ed337534cabd1cdc9708f2ec) Importer(815301076,1909f56bfc062723c751e8b465ee728b)
Start importing Assets/Vehicle - pro 3d models/Civilian_vehicle_05/Materials/Civil01A.mat using Guid(e97f2521ed337534cabd1cdc9708f2ec) Importer(815301076,1909f56bfc062723c751e8b465ee728b)  -> (artifact id: 'f4ed091e61d29d9843f569b39f2b7fb4') in 0.034790 seconds
  Import took 0.037542 seconds .

========================================================================
Received Import Request.
  Time since last request: 0.000236 seconds.
  path: Assets/Azerilo/Car Model No.1201 Asset/Material/BodyMat 3.mat
  artifactKey: Guid(2408c7077c3256541945bfb35ac03ca5) Importer(815301076,1909f56bfc062723c751e8b465ee728b)
Start importing Assets/Azerilo/Car Model No.1201 Asset/Material/BodyMat 3.mat using Guid(2408c7077c3256541945bfb35ac03ca5) Importer(815301076,1909f56bfc062723c751e8b465ee728b)  -> (artifact id: 'c50a6bd19bade6093b18faf23063c6d3') in 0.007721 seconds
  Import took 0.010393 seconds .

========================================================================
Received Import Request.
  Time since last request: 0.000300 seconds.
  path: Assets/Urban American Assets/Props/Vehicles/Source/Materials/CarTaxi.mat
  artifactKey: Guid(be2a73450d8cb104b94db16a6050e22f) Importer(815301076,1909f56bfc062723c751e8b465ee728b)
Start importing Assets/Urban American Assets/Props/Vehicles/Source/Materials/CarTaxi.mat using Guid(be2a73450d8cb104b94db16a6050e22f) Importer(815301076,1909f56bfc062723c751e8b465ee728b)  -> (artifact id: '80ad9918a1fa4738eff21de3a3034217') in 0.011535 seconds
  Import took 0.014351 seconds .

========================================================================
Received Import Request.
  Time since last request: 0.000208 seconds.
  path: Assets/Azerilo/HQ Racing Car Model No.1203/Materials/BodyMat green.mat
  artifactKey: Guid(b8aff1ca3117a2b43aedfe829b696349) Importer(815301076,1909f56bfc062723c751e8b465ee728b)
Start importing Assets/Azerilo/HQ Racing Car Model No.1203/Materials/BodyMat green.mat using Guid(b8aff1ca3117a2b43aedfe829b696349) Importer(815301076,1909f56bfc062723c751e8b465ee728b)  -> (artifact id: 'cd48101117b0a70c081a3bde48668806') in 0.008484 seconds
  Import took 0.012005 seconds .

========================================================================
Received Import Request.
  Time since last request: 0.000288 seconds.
  path: Assets/Urban American Assets/Props/Vehicles/Source/Materials/CarRig.mat
  artifactKey: Guid(8886b57b4a6fa8b48bd293569ff135e5) Importer(815301076,1909f56bfc062723c751e8b465ee728b)
Start importing Assets/Urban American Assets/Props/Vehicles/Source/Materials/CarRig.mat using Guid(8886b57b4a6fa8b48bd293569ff135e5) Importer(815301076,1909f56bfc062723c751e8b465ee728b)  -> (artifact id: '15192c7b3e153a7204d117748dc0d0a0') in 0.011826 seconds
  Import took 0.015212 seconds .

========================================================================
Received Import Request.
  Time since last request: 0.000290 seconds.
  path: Assets/88-american-sedan-low-poly-model (1)/source/untitled.fbx
  artifactKey: Guid(0eae5eb41c29b7044b35079e6a9537dc) Importer(815301076,1909f56bfc062723c751e8b465ee728b)
Start importing Assets/88-american-sedan-low-poly-model (1)/source/untitled.fbx using Guid(0eae5eb41c29b7044b35079e6a9537dc) Importer(815301076,1909f56bfc062723c751e8b465ee728b)  -> (artifact id: 'b9292bbe780ed88ac9e1e06b2be5fe8b') in 0.500783 seconds
  Import took 0.504430 seconds .

========================================================================
Received Import Request.
  Time since last request: 0.000265 seconds.
  path: Assets/Azerilo/HQ Racing Car Model No.1203/Materials/details mat.mat
  artifactKey: Guid(0e69560617fd0d047ad1e0e2c2f7c39a) Importer(815301076,1909f56bfc062723c751e8b465ee728b)
Start importing Assets/Azerilo/HQ Racing Car Model No.1203/Materials/details mat.mat using Guid(0e69560617fd0d047ad1e0e2c2f7c39a) Importer(815301076,1909f56bfc062723c751e8b465ee728b)  -> (artifact id: '998751851a42b781e07f934dd828fab7') in 0.016027 seconds
  Import took 0.019436 seconds .

========================================================================
Received Import Request.
  Time since last request: 0.000238 seconds.
  path: Assets/RealisticMobileCars - Pro 3D Models/Vehicles/Main/Materials/Numbers_License_Plate/Eu_Number_3.mat
  artifactKey: Guid(2a46d42972ea9c54bb0a6fe1f00191e4) Importer(815301076,1909f56bfc062723c751e8b465ee728b)
Start importing Assets/RealisticMobileCars - Pro 3D Models/Vehicles/Main/Materials/Numbers_License_Plate/Eu_Number_3.mat using Guid(2a46d42972ea9c54bb0a6fe1f00191e4) Importer(815301076,1909f56bfc062723c751e8b465ee728b)  -> (artifact id: '502809005a0a28c1b84d47db7f865617') in 0.016955 seconds
  Import took 0.020391 seconds .

========================================================================
Received Import Request.
  Time since last request: 0.000294 seconds.
  path: Assets/RealisticMobileCars - Pro 3D Models/Vehicles/Main/Materials/Numbers_License_Plate/Eu_Number_-.mat
  artifactKey: Guid(ff13ff0a13b1a124dadbb7e24558f7e0) Importer(815301076,1909f56bfc062723c751e8b465ee728b)
Start importing Assets/RealisticMobileCars - Pro 3D Models/Vehicles/Main/Materials/Numbers_License_Plate/Eu_Number_-.mat using Guid(ff13ff0a13b1a124dadbb7e24558f7e0) Importer(815301076,1909f56bfc062723c751e8b465ee728b)  -> (artifact id: '6d6000d9aa5df629853022d103875530') in 0.013036 seconds
  Import took 0.016583 seconds .

========================================================================
Received Import Request.
  Time since last request: 0.000300 seconds.
  path: Assets/Panoz GTR-1/gtr1/gtr1.obj
  artifactKey: Guid(aada273b9c852d74aaa448083dc6d00f) Importer(815301076,1909f56bfc062723c751e8b465ee728b)
Start importing Assets/Panoz GTR-1/gtr1/gtr1.obj using Guid(aada273b9c852d74aaa448083dc6d00f) Importer(815301076,1909f56bfc062723c751e8b465ee728b)  -> (artifact id: '6f3e47abea119daf70785f8784661a18') in 0.186943 seconds
  Import took 0.190823 seconds .

========================================================================
Received Import Request.
  Time since last request: 0.000317 seconds.
  path: Assets/Panoz GTR-1/driver.mat
  artifactKey: Guid(910c94010623deb4d86bd467e0303256) Importer(815301076,1909f56bfc062723c751e8b465ee728b)
Start importing Assets/Panoz GTR-1/driver.mat using Guid(910c94010623deb4d86bd467e0303256) Importer(815301076,1909f56bfc062723c751e8b465ee728b)  -> (artifact id: '571e4cae039608f4e0790d9556ceee03') in 0.019670 seconds
  Import took 0.022883 seconds .

========================================================================
Received Import Request.
  Time since last request: 0.000253 seconds.
  path: Assets/Azerilo/HQ Racing Car Model No.1203/Materials/dashboard mat.mat
  artifactKey: Guid(fb8ff69351a2cd44596311aa9afc08f3) Importer(815301076,1909f56bfc062723c751e8b465ee728b)
Start importing Assets/Azerilo/HQ Racing Car Model No.1203/Materials/dashboard mat.mat using Guid(fb8ff69351a2cd44596311aa9afc08f3) Importer(815301076,1909f56bfc062723c751e8b465ee728b)  -> (artifact id: '0416241aa5c633f9036a8160acc14e1c') in 0.018858 seconds
  Import took 0.023336 seconds .

========================================================================
Received Import Request.
  Time since last request: 0.000288 seconds.
  path: Assets/RealisticMobileCars - Pro 3D Models/Vehicles/Main/Materials/Numbers_License_Plate/Eu_Number_1.mat
  artifactKey: Guid(eca5aff13970d234aaad5e6ab7fce6d4) Importer(815301076,1909f56bfc062723c751e8b465ee728b)
Start importing Assets/RealisticMobileCars - Pro 3D Models/Vehicles/Main/Materials/Numbers_License_Plate/Eu_Number_1.mat using Guid(eca5aff13970d234aaad5e6ab7fce6d4) Importer(815301076,1909f56bfc062723c751e8b465ee728b)  -> (artifact id: '6e0be9fbcb151b445e802b86546540a3') in 0.011992 seconds
  Import took 0.015775 seconds .

========================================================================
Received Import Request.
  Time since last request: 0.000245 seconds.
  path: Assets/RealisticMobileCars - Pro 3D Models/Vehicles/Main/Materials/Numbers_License_Plate/Eu_Number_2.mat
  artifactKey: Guid(6ed8e19c9dace3249ab41fca7f75839d) Importer(815301076,1909f56bfc062723c751e8b465ee728b)
Start importing Assets/RealisticMobileCars - Pro 3D Models/Vehicles/Main/Materials/Numbers_License_Plate/Eu_Number_2.mat using Guid(6ed8e19c9dace3249ab41fca7f75839d) Importer(815301076,1909f56bfc062723c751e8b465ee728b)  -> (artifact id: 'c63b5f03bdca25896e41b7de056d8be6') in 0.012289 seconds
  Import took 0.015134 seconds .

========================================================================
Received Import Request.
  Time since last request: 0.000249 seconds.
  path: Assets/88-american-sedan-low-poly-model (1)/source/Bodycolor 2.mat
  artifactKey: Guid(24803b463a1b5e94aadd524c6bf0988f) Importer(815301076,1909f56bfc062723c751e8b465ee728b)
Start importing Assets/88-american-sedan-low-poly-model (1)/source/Bodycolor 2.mat using Guid(24803b463a1b5e94aadd524c6bf0988f) Importer(815301076,1909f56bfc062723c751e8b465ee728b)  -> (artifact id: 'ba49683ace3a7b374c5ad03dde177a67') in 0.009951 seconds
  Import took 0.013100 seconds .

========================================================================
Received Import Request.
  Time since last request: 0.000289 seconds.
  path: Assets/Azerilo/HQ Racing Car Model No.1203/Materials/bottom mat.mat
  artifactKey: Guid(0102aa33ba3dec44f867529b125f6be9) Importer(815301076,1909f56bfc062723c751e8b465ee728b)
Start importing Assets/Azerilo/HQ Racing Car Model No.1203/Materials/bottom mat.mat using Guid(0102aa33ba3dec44f867529b125f6be9) Importer(815301076,1909f56bfc062723c751e8b465ee728b)  -> (artifact id: 'fbbfe87883c6ca73fc9ff00aa0aedd99') in 0.014459 seconds
  Import took 0.017743 seconds .

========================================================================
Received Import Request.
  Time since last request: 0.000302 seconds.
  path: Assets/Urban American Assets/Props/Vehicles/Source/Materials/carvan.mat
  artifactKey: Guid(29051f965392f0d479ce3dcd9fcb4a1c) Importer(815301076,1909f56bfc062723c751e8b465ee728b)
Start importing Assets/Urban American Assets/Props/Vehicles/Source/Materials/carvan.mat using Guid(29051f965392f0d479ce3dcd9fcb4a1c) Importer(815301076,1909f56bfc062723c751e8b465ee728b)  -> (artifact id: '994ab8e662c87558b7395b7a5a0b3480') in 0.023005 seconds
  Import took 0.025957 seconds .

========================================================================
Received Import Request.
  Time since last request: 0.000238 seconds.
  path: Assets/Azerilo/Car Model No.1201 Asset/Material/BodyMat 1.mat
  artifactKey: Guid(707eb7b790aaa214bb421203de68536d) Importer(815301076,1909f56bfc062723c751e8b465ee728b)
Start importing Assets/Azerilo/Car Model No.1201 Asset/Material/BodyMat 1.mat using Guid(707eb7b790aaa214bb421203de68536d) Importer(815301076,1909f56bfc062723c751e8b465ee728b)  -> (artifact id: '67764fcbf71d9598890529fe83032e69') in 0.008686 seconds
  Import took 0.011314 seconds .

========================================================================
Received Import Request.
  Time since last request: 0.000238 seconds.
  path: Assets/RealisticMobileCars - Pro 3D Models/Vehicles/Main/Materials/Numbers_License_Plate/Eu_Number_0.mat
  artifactKey: Guid(f894c3ead2050264787ca254aee67801) Importer(815301076,1909f56bfc062723c751e8b465ee728b)
Start importing Assets/RealisticMobileCars - Pro 3D Models/Vehicles/Main/Materials/Numbers_License_Plate/Eu_Number_0.mat using Guid(f894c3ead2050264787ca254aee67801) Importer(815301076,1909f56bfc062723c751e8b465ee728b)  -> (artifact id: '63a72359098a6847b8b8d8946048329f') in 0.012332 seconds
  Import took 0.015122 seconds .

========================================================================
Received Import Request.
  Time since last request: 0.000264 seconds.
  path: Assets/Azerilo/HQ Racing Car Model No.1203/Materials/BodyMat white.mat
  artifactKey: Guid(f4fec313c54858345b378310d32946d0) Importer(815301076,1909f56bfc062723c751e8b465ee728b)
Start importing Assets/Azerilo/HQ Racing Car Model No.1203/Materials/BodyMat white.mat using Guid(f4fec313c54858345b378310d32946d0) Importer(815301076,1909f56bfc062723c751e8b465ee728b)  -> (artifact id: '8b37ba1d9bacdcb5ab05457886212189') in 0.008150 seconds
  Import took 0.011289 seconds .

========================================================================
Received Import Request.
  Time since last request: 0.000204 seconds.
  path: Assets/RealisticMobileCars - Pro 3D Models/Vehicles/RMCarDemo/Demo/demo.mat
  artifactKey: Guid(1bc635ae61b31ce45a893b5c276c15d9) Importer(815301076,1909f56bfc062723c751e8b465ee728b)
Start importing Assets/RealisticMobileCars - Pro 3D Models/Vehicles/RMCarDemo/Demo/demo.mat using Guid(1bc635ae61b31ce45a893b5c276c15d9) Importer(815301076,1909f56bfc062723c751e8b465ee728b)  -> (artifact id: '683315c2a5e79ce4aa9fcf6268ec98ca') in 0.007648 seconds
  Import took 0.010498 seconds .

========================================================================
Received Import Request.
  Time since last request: 0.000229 seconds.
  path: Assets/60s-classic-american-suv-low-poly-model/source/SUV4.fbx
  artifactKey: Guid(65c7f805789ee514fa402c5b1d7916ea) Importer(815301076,1909f56bfc062723c751e8b465ee728b)
Start importing Assets/60s-classic-american-suv-low-poly-model/source/SUV4.fbx using Guid(65c7f805789ee514fa402c5b1d7916ea) Importer(815301076,1909f56bfc062723c751e8b465ee728b)  -> (artifact id: 'bbac2f105307de9d1d08cef91de7909c') in 0.458047 seconds
  Import took 0.462363 seconds .

========================================================================
Received Import Request.
  Time since last request: 0.000259 seconds.
  path: Assets/Urban American Assets/Props/Vehicles/Source/Materials/car1.mat
  artifactKey: Guid(e5f14c992e770bc45b7b2f8f7b56b34f) Importer(815301076,1909f56bfc062723c751e8b465ee728b)
Start importing Assets/Urban American Assets/Props/Vehicles/Source/Materials/car1.mat using Guid(e5f14c992e770bc45b7b2f8f7b56b34f) Importer(815301076,1909f56bfc062723c751e8b465ee728b)  -> (artifact id: '62352eb28ba098f87c8465d6285a281c') in 0.019388 seconds
  Import took 0.022270 seconds .

========================================================================
Received Import Request.
  Time since last request: 0.000386 seconds.
  path: Assets/Urban American Assets/Props/Vehicles/Source/Materials/CarWag.mat
  artifactKey: Guid(d9739af41571ffb48814bb8c27be1405) Importer(815301076,1909f56bfc062723c751e8b465ee728b)
Start importing Assets/Urban American Assets/Props/Vehicles/Source/Materials/CarWag.mat using Guid(d9739af41571ffb48814bb8c27be1405) Importer(815301076,1909f56bfc062723c751e8b465ee728b)  -> (artifact id: 'dea765f2ada178177c4179fe84e0916a') in 0.012382 seconds
  Import took 0.015304 seconds .

========================================================================
Received Import Request.
  Time since last request: 0.000264 seconds.
  path: Assets/Urban American Assets/Props/Vehicles/Source/Materials/CarTaxiB.mat
  artifactKey: Guid(a733abcac8bdd5243947296360faa6aa) Importer(815301076,1909f56bfc062723c751e8b465ee728b)
Start importing Assets/Urban American Assets/Props/Vehicles/Source/Materials/CarTaxiB.mat using Guid(a733abcac8bdd5243947296360faa6aa) Importer(815301076,1909f56bfc062723c751e8b465ee728b)  -> (artifact id: '83dec311e64586b08b1b958e0cd62ea9') in 0.014124 seconds
  Import took 0.017101 seconds .

========================================================================
Received Import Request.
  Time since last request: 0.000290 seconds.
  path: Assets/Urban American Assets/Props/Vehicles/Source/Materials/CarBus.mat
  artifactKey: Guid(d8c85b1030e8b5e42a5b2878d6244694) Importer(815301076,1909f56bfc062723c751e8b465ee728b)
Start importing Assets/Urban American Assets/Props/Vehicles/Source/Materials/CarBus.mat using Guid(d8c85b1030e8b5e42a5b2878d6244694) Importer(815301076,1909f56bfc062723c751e8b465ee728b)  -> (artifact id: '5350f4e05b2d991ae6b47964c98a9a05') in 0.012161 seconds
  Import took 0.014768 seconds .

========================================================================
Received Import Request.
  Time since last request: 0.000239 seconds.
  path: Assets/Azerilo/Car Model No.1201 Asset/Material/BlacksMat.mat
  artifactKey: Guid(15ff4ba6789dd814a802a627b0fe38ca) Importer(815301076,1909f56bfc062723c751e8b465ee728b)
Start importing Assets/Azerilo/Car Model No.1201 Asset/Material/BlacksMat.mat using Guid(15ff4ba6789dd814a802a627b0fe38ca) Importer(815301076,1909f56bfc062723c751e8b465ee728b)  -> (artifact id: '0b8cb0a29902d06530f7548dc5ded372') in 0.007446 seconds
  Import took 0.010493 seconds .

========================================================================
Received Import Request.
  Time since last request: 0.000269 seconds.
  path: Assets/60s-classic-american-suv-low-poly-model/source/suv.fbx
  artifactKey: Guid(1dd72ad2a9055e040b390db7463c3f89) Importer(815301076,1909f56bfc062723c751e8b465ee728b)
Start importing Assets/60s-classic-american-suv-low-poly-model/source/suv.fbx using Guid(1dd72ad2a9055e040b390db7463c3f89) Importer(815301076,1909f56bfc062723c751e8b465ee728b)  -> (artifact id: '5aa1d8102bd2609ac9e62e4455d663c0') in 0.478401 seconds
  Import took 0.482325 seconds .

========================================================================
Received Import Request.
  Time since last request: 0.000218 seconds.
  path: Assets/Azerilo/HQ Racing Car Model No.1203/Materials/BodyMat black.mat
  artifactKey: Guid(c35c7d5e33766674d8a3e2078892b059) Importer(815301076,1909f56bfc062723c751e8b465ee728b)
Start importing Assets/Azerilo/HQ Racing Car Model No.1203/Materials/BodyMat black.mat using Guid(c35c7d5e33766674d8a3e2078892b059) Importer(815301076,1909f56bfc062723c751e8b465ee728b)  -> (artifact id: '552a2221bc7c2c9063470085496a9d17') in 0.007718 seconds
  Import took 0.010290 seconds .

========================================================================
Received Import Request.
  Time since last request: 0.000303 seconds.
  path: Assets/Azerilo/Car Model No.1201 Asset/Material/BodyMat 2.mat
  artifactKey: Guid(bff761b7e096ac849bedb4d802539ce6) Importer(815301076,1909f56bfc062723c751e8b465ee728b)
Start importing Assets/Azerilo/Car Model No.1201 Asset/Material/BodyMat 2.mat using Guid(bff761b7e096ac849bedb4d802539ce6) Importer(815301076,1909f56bfc062723c751e8b465ee728b)  -> (artifact id: '92ca506be7927e7336dfacd7d5e820ef') in 0.008576 seconds
  Import took 0.011621 seconds .

========================================================================
Received Import Request.
  Time since last request: 0.000274 seconds.
  path: Assets/Urban American Assets/Props/Vehicles/Source/Materials/CarPolice.mat
  artifactKey: Guid(0f3dc394ca2f90d408abe68234041f06) Importer(815301076,1909f56bfc062723c751e8b465ee728b)
Start importing Assets/Urban American Assets/Props/Vehicles/Source/Materials/CarPolice.mat using Guid(0f3dc394ca2f90d408abe68234041f06) Importer(815301076,1909f56bfc062723c751e8b465ee728b)  -> (artifact id: '0cf641311339b1ede4a6ddb7e487228d') in 0.011976 seconds
  Import took 0.014977 seconds .

========================================================================
Received Import Request.
  Time since last request: 0.000264 seconds.
  path: Assets/Azerilo/Car Model No.1201 Asset/Material/BrakeDiskMat.mat
  artifactKey: Guid(0e251483ebb79944099c5a40a8e232cd) Importer(815301076,1909f56bfc062723c751e8b465ee728b)
Start importing Assets/Azerilo/Car Model No.1201 Asset/Material/BrakeDiskMat.mat using Guid(0e251483ebb79944099c5a40a8e232cd) Importer(815301076,1909f56bfc062723c751e8b465ee728b)  -> (artifact id: 'a1dbea2d4627fe0caf7c7383fe52e08b') in 0.013752 seconds
  Import took 0.016568 seconds .

========================================================================
Received Import Request.
  Time since last request: 0.000286 seconds.
  path: Assets/Panoz GTR-1/panozgt.fbx
  artifactKey: Guid(830be99e0f2d76440a17c204f52023a5) Importer(815301076,1909f56bfc062723c751e8b465ee728b)
Start importing Assets/Panoz GTR-1/panozgt.fbx using Guid(830be99e0f2d76440a17c204f52023a5) Importer(815301076,1909f56bfc062723c751e8b465ee728b)  -> (artifact id: 'e2886dcb48561438fef6ed328513e3a6') in 0.175458 seconds
  Import took 0.178311 seconds .

========================================================================
Received Import Request.
  Time since last request: 0.000281 seconds.
  path: Assets/Azerilo/HQ Racing Car Model No.1203/Materials/BodyMat yellow.mat
  artifactKey: Guid(ef3b15cf9bd765c4788cfc731869c25e) Importer(815301076,1909f56bfc062723c751e8b465ee728b)
Start importing Assets/Azerilo/HQ Racing Car Model No.1203/Materials/BodyMat yellow.mat using Guid(ef3b15cf9bd765c4788cfc731869c25e) Importer(815301076,1909f56bfc062723c751e8b465ee728b)  -> (artifact id: '7404741814bd9bc67d68f6c8e7d8f0f7') in 0.007861 seconds
  Import took 0.010552 seconds .

========================================================================
Received Import Request.
  Time since last request: 0.000305 seconds.
  path: Assets/RealisticMobileCars - Pro 3D Models/Vehicles/Main/Materials/Numbers_License_Plate/Eu_Number_4.mat
  artifactKey: Guid(132a573cb6ee950439bccb6fecf0dc6e) Importer(815301076,1909f56bfc062723c751e8b465ee728b)
Start importing Assets/RealisticMobileCars - Pro 3D Models/Vehicles/Main/Materials/Numbers_License_Plate/Eu_Number_4.mat using Guid(132a573cb6ee950439bccb6fecf0dc6e) Importer(815301076,1909f56bfc062723c751e8b465ee728b)  -> (artifact id: '2e9291be2a19378a17baddb08d770bda') in 0.014560 seconds
  Import took 0.017773 seconds .

========================================================================
Received Import Request.
  Time since last request: 16.557426 seconds.
  path: Assets/road.mat
  artifactKey: Guid(0a3c1f63a948a124c9cbacb9eb6a5f73) Importer(815301076,1909f56bfc062723c751e8b465ee728b)
Start importing Assets/road.mat using Guid(0a3c1f63a948a124c9cbacb9eb6a5f73) Importer(815301076,1909f56bfc062723c751e8b465ee728b)  -> (artifact id: '507aa66aee14d848e06855dbc0204bc7') in 0.039243 seconds
  Import took 0.045933 seconds .

========================================================================
Received Import Request.
  Time since last request: 3.950688 seconds.
  path: Assets/Materials
  artifactKey: Guid(6742fc8cd41e7d84c9af42c4f80588ed) Importer(815301076,1909f56bfc062723c751e8b465ee728b)
Start importing Assets/Materials using Guid(6742fc8cd41e7d84c9af42c4f80588ed) Importer(815301076,1909f56bfc062723c751e8b465ee728b)  -> (artifact id: '980c1e784c6fc4c48bbfb05e4db7e3c3') in 0.002393 seconds
  Import took 0.005818 seconds .

========================================================================
Received Import Request.
  Time since last request: 11.299108 seconds.
  path: Assets/Materials/Asphalt.mat
  artifactKey: Guid(2e28bd2f251a21640b521dbb9e5a970c) Importer(815301076,1909f56bfc062723c751e8b465ee728b)
Start importing Assets/Materials/Asphalt.mat using Guid(2e28bd2f251a21640b521dbb9e5a970c) Importer(815301076,1909f56bfc062723c751e8b465ee728b)  -> (artifact id: 'd47c9acc3809fde33e80b9f2f042f71f') in 0.007832 seconds
  Import took 0.011641 seconds .

========================================================================
Received Import Request.
  Time since last request: 1570.353683 seconds.
  path: Assets/Shaders/roads.shader
  artifactKey: Guid(ee36054b3b5661347a91c0acac854613) Importer(815301076,1909f56bfc062723c751e8b465ee728b)
Start importing Assets/Shaders/roads.shader using Guid(ee36054b3b5661347a91c0acac854613) Importer(815301076,1909f56bfc062723c751e8b465ee728b)  -> (artifact id: 'c9b278ca09b3f25d2bb257d369e61ee3') in 0.006064 seconds
  Import took 0.009601 seconds .

========================================================================
Received Import Request.
  Time since last request: 0.000781 seconds.
  path: Assets/Shaders/roads.shader
  artifactKey: Guid(ee36054b3b5661347a91c0acac854613) Importer(815301076,1909f56bfc062723c751e8b465ee728b)
Start importing Assets/Shaders/roads.shader using Guid(ee36054b3b5661347a91c0acac854613) Importer(815301076,1909f56bfc062723c751e8b465ee728b)  -> (artifact id: 'c9b278ca09b3f25d2bb257d369e61ee3') in 0.002588 seconds
  Import took 0.005528 seconds .

========================================================================
Received Import Request.
  Time since last request: 8.102510 seconds.
  path: Assets/Scripts/WayPOintsB1.prefab
  artifactKey: Guid(f8cd5e57dc0d09345bedbe7a3a813778) Importer(815301076,1909f56bfc062723c751e8b465ee728b)
Start importing Assets/Scripts/WayPOintsB1.prefab using Guid(f8cd5e57dc0d09345bedbe7a3a813778) Importer(815301076,1909f56bfc062723c751e8b465ee728b)  -> (artifact id: '47cf7d17d53878686a88526020d68142') in 0.009592 seconds
  Import took 0.013742 seconds .

========================================================================
Received Import Request.
  Time since last request: 7.447710 seconds.
  path: Assets/Scripts/WaypointNavigator.cs
  artifactKey: Guid(80a8cb1226de36f4c8aa7a9676ee1230) Importer(815301076,1909f56bfc062723c751e8b465ee728b)
Start importing Assets/Scripts/WaypointNavigator.cs using Guid(80a8cb1226de36f4c8aa7a9676ee1230) Importer(815301076,1909f56bfc062723c751e8b465ee728b)  -> (artifact id: 'e2cf9bcd3b084f51dbeebd5f2a9df98f') in 0.016493 seconds
  Import took 0.019365 seconds .

========================================================================
Received Import Request.
  Time since last request: 10.685545 seconds.
  path: Assets/Scripts/WaypointManagerWindow.cs
  artifactKey: Guid(55e60ba799e78a542a9089caa61542de) Importer(815301076,1909f56bfc062723c751e8b465ee728b)
Start importing Assets/Scripts/WaypointManagerWindow.cs using Guid(55e60ba799e78a542a9089caa61542de) Importer(815301076,1909f56bfc062723c751e8b465ee728b)  -> (artifact id: 'bd11f57c65cdf65237f7b164f55c3a3a') in 0.003536 seconds
  Import took 0.007924 seconds .

========================================================================
Received Import Request.
  Time since last request: 0.003127 seconds.
  path: Assets/Scripts/WaypointManagerWindow.cs
  artifactKey: Guid(55e60ba799e78a542a9089caa61542de) Importer(815301076,1909f56bfc062723c751e8b465ee728b)
Start importing Assets/Scripts/WaypointManagerWindow.cs using Guid(55e60ba799e78a542a9089caa61542de) Importer(815301076,1909f56bfc062723c751e8b465ee728b)  -> (artifact id: 'bd11f57c65cdf65237f7b164f55c3a3a') in 0.002971 seconds
  Import took 0.008068 seconds .

========================================================================
Received Prepare
Registering precompiled user dll's ...
Registered in 0.009957 seconds.
Begin MonoManager ReloadAssembly
Native extension for WindowsStandalone target not found
Refreshing native plugins compatible for Editor in 0.78 ms, found 2 plugins.
Preloading 0 native plugins for Editor in 0.00 ms.
Mono: successfully reloaded assembly
- Completed reload, in  1.126 seconds
Platform modules already initialized, skipping
Switching build target platform(19) subTarget(0) extendedPlatform(0) -> platform(13) subTarget(537395200) extendedPlatform(0)
Refreshing native plugins compatible for Editor in 0.68 ms, found 2 plugins.
Preloading 0 native plugins for Editor in 0.00 ms.
Unloading 2039 Unused Serialized files (Serialized files now loaded: 0)
System memory in use before: 108.0 MB.
System memory in use after: 107.7 MB.

Unloading 40 unused Assets to reduce memory usage. Loaded Objects now: 2568.
Total: 2.328100 ms (FindLiveObjects: 0.291500 ms CreateObjectMapping: 0.168200 ms MarkObjects: 1.537600 ms  DeleteObjects: 0.329800 ms)

AssetImportParameters requested are different than current active one (requested -> active):
  custom:graphics/normal-map-encoding: 01000000000000000000000000000000 -> 02000000000000000000000000000000
========================================================================
Received Prepare
Registering precompiled user dll's ...
Registered in 0.006991 seconds.
Begin MonoManager ReloadAssembly
Native extension for WindowsStandalone target not found
Refreshing native plugins compatible for Editor in 0.69 ms, found 2 plugins.
Preloading 0 native plugins for Editor in 0.00 ms.
Mono: successfully reloaded assembly
- Completed reload, in  1.139 seconds
Platform modules already initialized, skipping
Switching build target platform(19) subTarget(0) extendedPlatform(0) -> platform(13) subTarget(537395200) extendedPlatform(0)
Refreshing native plugins compatible for Editor in 0.68 ms, found 2 plugins.
Preloading 0 native plugins for Editor in 0.00 ms.
Unloading 2039 Unused Serialized files (Serialized files now loaded: 0)
System memory in use before: 108.0 MB.
System memory in use after: 107.7 MB.

Unloading 40 unused Assets to reduce memory usage. Loaded Objects now: 2571.
Total: 2.398300 ms (FindLiveObjects: 0.174400 ms CreateObjectMapping: 0.083500 ms MarkObjects: 1.771400 ms  DeleteObjects: 0.367400 ms)

AssetImportParameters requested are different than current active one (requested -> active):
  custom:graphics/normal-map-encoding: 01000000000000000000000000000000 -> 02000000000000000000000000000000
========================================================================
Received Prepare
Registering precompiled user dll's ...
Registered in 0.008546 seconds.
Begin MonoManager ReloadAssembly
Native extension for WindowsStandalone target not found
Refreshing native plugins compatible for Editor in 0.93 ms, found 2 plugins.
Preloading 0 native plugins for Editor in 0.00 ms.
Mono: successfully reloaded assembly
- Completed reload, in  1.379 seconds
Platform modules already initialized, skipping
Switching build target platform(19) subTarget(0) extendedPlatform(0) -> platform(13) subTarget(537395200) extendedPlatform(0)
Refreshing native plugins compatible for Editor in 0.91 ms, found 2 plugins.
Preloading 0 native plugins for Editor in 0.00 ms.
Unloading 2039 Unused Serialized files (Serialized files now loaded: 0)
System memory in use before: 108.2 MB.
System memory in use after: 107.8 MB.

Unloading 40 unused Assets to reduce memory usage. Loaded Objects now: 2574.
Total: 2.512500 ms (FindLiveObjects: 0.162000 ms CreateObjectMapping: 0.064500 ms MarkObjects: 1.875500 ms  DeleteObjects: 0.409500 ms)

AssetImportParameters requested are different than current active one (requested -> active):
  custom:graphics/normal-map-encoding: 01000000000000000000000000000000 -> 02000000000000000000000000000000
========================================================================
Received Prepare
Registering precompiled user dll's ...
Registered in 0.006934 seconds.
Begin MonoManager ReloadAssembly
Native extension for WindowsStandalone target not found
Refreshing native plugins compatible for Editor in 0.73 ms, found 2 plugins.
Preloading 0 native plugins for Editor in 0.00 ms.
Mono: successfully reloaded assembly
- Completed reload, in  1.050 seconds
Platform modules already initialized, skipping
Switching build target platform(19) subTarget(0) extendedPlatform(0) -> platform(13) subTarget(537395200) extendedPlatform(0)
Refreshing native plugins compatible for Editor in 0.72 ms, found 2 plugins.
Preloading 0 native plugins for Editor in 0.00 ms.
Unloading 2039 Unused Serialized files (Serialized files now loaded: 0)
System memory in use before: 108.1 MB.
System memory in use after: 107.8 MB.

Unloading 40 unused Assets to reduce memory usage. Loaded Objects now: 2577.
Total: 2.051200 ms (FindLiveObjects: 0.164900 ms CreateObjectMapping: 0.063700 ms MarkObjects: 1.433900 ms  DeleteObjects: 0.387900 ms)

AssetImportParameters requested are different than current active one (requested -> active):
  custom:graphics/normal-map-encoding: 01000000000000000000000000000000 -> 02000000000000000000000000000000
AssetImportWorkerClient::OnTransportError - code=2 error=End of file
